
> quero-conversar@1.0.0 dev
> vite

npm : X [ERROR] 
Expected string in 
JSON but found "{"
No linha:1 
caractere:1
+ npm run dev > 
dev_error.log 2>&1
+ ~~~~~~~~~~~~~~~~~~~
~~~~~~~~~~~~~
    + CategoryInfo   
           : 
NotSpecifi    ed: (X 
[ERROR] Exp    
ec...N but found "   
 {":String) [], Rem  
  oteException
    + 
FullyQualifiedEr    
rorId : NativeComm   
 andError
 

    ../../../package.
json:6:1:
      6 Ôöé  {
        ÔòÁ  ^

[31mfailed to load 
config from 
C:\Users\Paulinho Aug
usto\OneDrive\Desktop
\QueroConversar\vite.
config.ts[39m
[31merror when 
starting dev server:
Error: Build failed 
with 1 error:
../../../package.json
:6:1: ERROR: 
Expected string in 
JSON but found "{"
    at 
failureErrorWithLog 
(C:\Users\Paulinho Au
gusto\OneDrive\Deskto
p\QueroConversar\node
_modules\esbuild\lib\
main.js:1472:15)
    at 
C:\Users\Paulinho Aug
usto\OneDrive\Desktop
\QueroConversar\node_
modules\esbuild\lib\m
ain.js:945:25
    at 
runOnEndCallbacks 
(C:\Users\Paulinho Au
gusto\OneDrive\Deskto
p\QueroConversar\node
_modules\esbuild\lib\
main.js:1315:45)
    at buildResponseT
oResult 
(C:\Users\Paulinho Au
gusto\OneDrive\Deskto
p\QueroConversar\node
_modules\esbuild\lib\
main.js:943:7)
    at 
C:\Users\Paulinho Aug
usto\OneDrive\Desktop
\QueroConversar\node_
modules\esbuild\lib\m
ain.js:970:16
    at responseCallba
cks.<computed> 
(C:\Users\Paulinho Au
gusto\OneDrive\Deskto
p\QueroConversar\node
_modules\esbuild\lib\
main.js:622:9)
    at 
handleIncomingPacket 
(C:\Users\Paulinho Au
gusto\OneDrive\Deskto
p\QueroConversar\node
_modules\esbuild\lib\
main.js:677:12)
    at Socket.readFro
mStdout 
(C:\Users\Paulinho Au
gusto\OneDrive\Deskto
p\QueroConversar\node
_modules\esbuild\lib\
main.js:600:7)
    at Socket.emit 
(node:events:519:28)
    at addChunk (node
:internal/streams/rea
dable:559:12)[39m
